  ex52_c++스타일_프로그래밍_종합문제.cpp
C:\Users\koko8\Documents\git-project\cpp_study\inflearn\inflearn\ex52_c++스타일_프로그래밍_종합문제.cpp(28,24): error C2672: 'begin': 일치하는 오버로드된 함수가 없습니다.
C:\Users\koko8\Documents\git-project\cpp_study\inflearn\inflearn\ex52_c++스타일_프로그래밍_종합문제.cpp(28,24): error C2893: 함수 템플릿 'unknown-type std::begin(_Container &)'을(를) 특수화하지 못했습니다.
C:\Program Files (x86)\Microsoft Visual Studio\2019\Community\VC\Tools\MSVC\14.24.28314\include\xutility(1903): message : 'std::begin' 선언을 참조하십시오.
C:\Users\koko8\Documents\git-project\cpp_study\inflearn\inflearn\ex52_c++스타일_프로그래밍_종합문제.cpp(28,24): message : 다음 템플릿 인수 사용:
C:\Users\koko8\Documents\git-project\cpp_study\inflearn\inflearn\ex52_c++스타일_프로그래밍_종합문제.cpp(28,24): message : '_Container=int *[]'
C:\Users\koko8\Documents\git-project\cpp_study\inflearn\inflearn\ex52_c++스타일_프로그래밍_종합문제.cpp(28,24): error C2784: 'const _Elem *std::begin(std::initializer_list<_Elem>) noexcept': 'std::initializer_list<_Elem>'의 템플릿 인수를 'int *[]'에서 추론할 수 없습니다.
C:\Program Files (x86)\Microsoft Visual Studio\2019\Community\VC\Tools\MSVC\14.24.28314\include\initializer_list(57): message : 'std::begin' 선언을 참조하십시오.
C:\Users\koko8\Documents\git-project\cpp_study\inflearn\inflearn\ex52_c++스타일_프로그래밍_종합문제.cpp(28,24): error C2672: 'end': 일치하는 오버로드된 함수가 없습니다.
C:\Users\koko8\Documents\git-project\cpp_study\inflearn\inflearn\ex52_c++스타일_프로그래밍_종합문제.cpp(28,24): error C2893: 함수 템플릿 'unknown-type std::end(_Container &)'을(를) 특수화하지 못했습니다.
C:\Program Files (x86)\Microsoft Visual Studio\2019\Community\VC\Tools\MSVC\14.24.28314\include\xutility(1913): message : 'std::end' 선언을 참조하십시오.
C:\Users\koko8\Documents\git-project\cpp_study\inflearn\inflearn\ex52_c++스타일_프로그래밍_종합문제.cpp(28,24): message : 다음 템플릿 인수 사용:
C:\Users\koko8\Documents\git-project\cpp_study\inflearn\inflearn\ex52_c++스타일_프로그래밍_종합문제.cpp(28,24): message : '_Container=int *[]'
C:\Users\koko8\Documents\git-project\cpp_study\inflearn\inflearn\ex52_c++스타일_프로그래밍_종합문제.cpp(28,24): error C2784: 'const _Elem *std::end(std::initializer_list<_Elem>) noexcept': 'std::initializer_list<_Elem>'의 템플릿 인수를 'int *[]'에서 추론할 수 없습니다.
C:\Program Files (x86)\Microsoft Visual Studio\2019\Community\VC\Tools\MSVC\14.24.28314\include\initializer_list(63): message : 'std::end' 선언을 참조하십시오.
C:\Users\koko8\Documents\git-project\cpp_study\inflearn\inflearn\ex52_c++스타일_프로그래밍_종합문제.cpp(28,24): error C3536: '<begin>$L0': 초기화되기 전에 사용할 수 없습니다.
C:\Users\koko8\Documents\git-project\cpp_study\inflearn\inflearn\ex52_c++스타일_프로그래밍_종합문제.cpp(28,24): error C3536: '<end>$L0': 초기화되기 전에 사용할 수 없습니다.
C:\Users\koko8\Documents\git-project\cpp_study\inflearn\inflearn\ex52_c++스타일_프로그래밍_종합문제.cpp(28,24): error C2100: 간접 참조가 잘못되었습니다.
C:\Users\koko8\Documents\git-project\cpp_study\inflearn\inflearn\ex52_c++스타일_프로그래밍_종합문제.cpp(29,25): error C2672: 'begin': 일치하는 오버로드된 함수가 없습니다.
C:\Users\koko8\Documents\git-project\cpp_study\inflearn\inflearn\ex52_c++스타일_프로그래밍_종합문제.cpp(29,25): error C2893: 함수 템플릿 'unknown-type std::begin(_Container &)'을(를) 특수화하지 못했습니다.
C:\Program Files (x86)\Microsoft Visual Studio\2019\Community\VC\Tools\MSVC\14.24.28314\include\xutility(1903): message : 'std::begin' 선언을 참조하십시오.
C:\Users\koko8\Documents\git-project\cpp_study\inflearn\inflearn\ex52_c++스타일_프로그래밍_종합문제.cpp(29,25): message : 다음 템플릿 인수 사용:
C:\Users\koko8\Documents\git-project\cpp_study\inflearn\inflearn\ex52_c++스타일_프로그래밍_종합문제.cpp(29,25): message : '_Container=int'
C:\Users\koko8\Documents\git-project\cpp_study\inflearn\inflearn\ex52_c++스타일_프로그래밍_종합문제.cpp(29,25): error C2784: 'const _Elem *std::begin(std::initializer_list<_Elem>) noexcept': 'std::initializer_list<_Elem>'의 템플릿 인수를 'int'에서 추론할 수 없습니다.
C:\Program Files (x86)\Microsoft Visual Studio\2019\Community\VC\Tools\MSVC\14.24.28314\include\initializer_list(57): message : 'std::begin' 선언을 참조하십시오.
C:\Users\koko8\Documents\git-project\cpp_study\inflearn\inflearn\ex52_c++스타일_프로그래밍_종합문제.cpp(29,25): error C2672: 'end': 일치하는 오버로드된 함수가 없습니다.
C:\Users\koko8\Documents\git-project\cpp_study\inflearn\inflearn\ex52_c++스타일_프로그래밍_종합문제.cpp(29,25): error C2893: 함수 템플릿 'unknown-type std::end(_Container &)'을(를) 특수화하지 못했습니다.
C:\Program Files (x86)\Microsoft Visual Studio\2019\Community\VC\Tools\MSVC\14.24.28314\include\xutility(1913): message : 'std::end' 선언을 참조하십시오.
C:\Users\koko8\Documents\git-project\cpp_study\inflearn\inflearn\ex52_c++스타일_프로그래밍_종합문제.cpp(29,25): message : 다음 템플릿 인수 사용:
C:\Users\koko8\Documents\git-project\cpp_study\inflearn\inflearn\ex52_c++스타일_프로그래밍_종합문제.cpp(29,25): message : '_Container=int'
C:\Users\koko8\Documents\git-project\cpp_study\inflearn\inflearn\ex52_c++스타일_프로그래밍_종합문제.cpp(29,25): error C2784: 'const _Elem *std::end(std::initializer_list<_Elem>) noexcept': 'std::initializer_list<_Elem>'의 템플릿 인수를 'int'에서 추론할 수 없습니다.
C:\Program Files (x86)\Microsoft Visual Studio\2019\Community\VC\Tools\MSVC\14.24.28314\include\initializer_list(63): message : 'std::end' 선언을 참조하십시오.
C:\Users\koko8\Documents\git-project\cpp_study\inflearn\inflearn\ex52_c++스타일_프로그래밍_종합문제.cpp(29,25): error C3536: '<begin>$L1': 초기화되기 전에 사용할 수 없습니다.
C:\Users\koko8\Documents\git-project\cpp_study\inflearn\inflearn\ex52_c++스타일_프로그래밍_종합문제.cpp(29,25): error C3536: '<end>$L1': 초기화되기 전에 사용할 수 없습니다.
C:\Users\koko8\Documents\git-project\cpp_study\inflearn\inflearn\ex52_c++스타일_프로그래밍_종합문제.cpp(29,25): error C2100: 간접 참조가 잘못되었습니다.
